<?xml version="1.0" encoding="UTF-8"?>
<testng-results ignored="0" total="3" passed="3" failed="0" skipped="0">
  <reporter-output>
  </reporter-output>
  <suite started-at="2024-03-06T17:54:59 IST" name="Suite" finished-at="2024-03-06T17:55:08 IST" duration-ms="8369">
    <groups>
      <group name="cucumber">
        <method signature="AbstractTestNGCucumberTests.runScenario(io.cucumber.testng.PickleWrapper,io.cucumber.testng.FeatureWrapper)[pri:0, instance:TestRunner.TestRunner@f78a47e]" name="runScenario" class="io.cucumber.testng.AbstractTestNGCucumberTests"/>
      </group> <!-- cucumber -->
    </groups>
    <test started-at="2024-03-06T17:54:59 IST" name="Test" finished-at="2024-03-06T17:55:08 IST" duration-ms="8369">
      <class name="TestRunner.TestRunner">
        <test-method is-config="true" signature="setUpClass(org.testng.ITestContext)[pri:0, instance:TestRunner.TestRunner@f78a47e]" started-at="2024-03-06T17:54:59 IST" name="setUpClass" finished-at="2024-03-06T17:55:01 IST" duration-ms="1990" status="PASS">
          <params>
            <param index="0">
              <value>
                <![CDATA[org.testng.TestRunner@f3560d4]]>
              </value>
            </param>
          </params>
          <reporter-output>
          </reporter-output>
        </test-method> <!-- setUpClass -->
        <test-method signature="runScenario(io.cucumber.testng.PickleWrapper,io.cucumber.testng.FeatureWrapper)[pri:0, instance:TestRunner.TestRunner@f78a47e]" started-at="2024-03-06T17:55:01 IST" name="runScenario" description="Runs Cucumber Scenarios" data-provider="scenarios" finished-at="2024-03-06T17:55:02 IST" duration-ms="582" status="PASS">
          <params>
            <param index="0">
              <value>
                <![CDATA["User searches for doctors with specific criteria"]]>
              </value>
            </param>
            <param index="1">
              <value>
                <![CDATA["Finding Hospitals"]]>
              </value>
            </param>
          </params>
          <reporter-output>
          </reporter-output>
        </test-method> <!-- runScenario -->
        <test-method signature="runScenario(io.cucumber.testng.PickleWrapper,io.cucumber.testng.FeatureWrapper)[pri:0, instance:TestRunner.TestRunner@f78a47e]" started-at="2024-03-06T17:55:02 IST" name="runScenario" description="Runs Cucumber Scenarios" data-provider="scenarios" finished-at="2024-03-06T17:55:02 IST" duration-ms="80" status="PASS">
          <params>
            <param index="0">
              <value>
                <![CDATA["User retrieves a list of surgeries"]]>
              </value>
            </param>
            <param index="1">
              <value>
                <![CDATA["Finding Hospitals"]]>
              </value>
            </param>
          </params>
          <reporter-output>
          </reporter-output>
        </test-method> <!-- runScenario -->
        <test-method signature="runScenario(io.cucumber.testng.PickleWrapper,io.cucumber.testng.FeatureWrapper)[pri:0, instance:TestRunner.TestRunner@f78a47e]" started-at="2024-03-06T17:55:02 IST" name="runScenario" description="Runs Cucumber Scenarios" data-provider="scenarios" finished-at="2024-03-06T17:55:02 IST" duration-ms="121" status="PASS">
          <params>
            <param index="0">
              <value>
                <![CDATA["Schedule a demo in health and wellness plans for corporates"]]>
              </value>
            </param>
            <param index="1">
              <value>
                <![CDATA["Finding Hospitals"]]>
              </value>
            </param>
          </params>
          <reporter-output>
          </reporter-output>
        </test-method> <!-- runScenario -->
        <test-method is-config="true" signature="tearDownClass()[pri:0, instance:TestRunner.TestRunner@f78a47e]" started-at="2024-03-06T17:55:02 IST" name="tearDownClass" finished-at="2024-03-06T17:55:08 IST" duration-ms="5513" status="PASS">
          <reporter-output>
          </reporter-output>
        </test-method> <!-- tearDownClass -->
      </class> <!-- TestRunner.TestRunner -->
    </test> <!-- Test -->
  </suite> <!-- Suite -->
</testng-results>
